---------프로그램 종료----------
총근무시간 : 19초
순수근무시간 : 19초
근무태만시간 : 0초
[2021-01-11 18:27:59,607] INFO - realTimeCheck.realtimemain - 근무 최초 시작
[2021-01-11 18:28:05,303] INFO - realTimeCheck.realtimemain - 
---------프로그램 종료----------
[2021-01-11 18:28:05,304] INFO - realTimeCheck.realtimemain - 총근무시간 : 6초
순수근무시간 : 6초
근무태만시간 : 0초
[2021-01-11 18:28:10,888] INFO - realTimeCheck.realtimemain - 근무 최초 시작
[2021-01-11 18:28:25,218] INFO - realTimeCheck.realtimemain - 
---------프로그램 종료----------
[2021-01-11 18:28:25,218] INFO - realTimeCheck.realtimemain - 총근무시간 : 14초
순수근무시간 : 14초
근무태만시간 : 0초
[2021-01-11 18:30:58,666] INFO - realTimeCheck.realtimemain - 근무 최초 시작
[2021-01-11 18:31:20,242] INFO - realTimeCheck.realtimemain - 
---------프로그램 종료----------
[2021-01-11 18:31:20,243] INFO - realTimeCheck.realtimemain - 총근무시간 : 22초
순수근무시간 : 22초
근무태만시간 : 0초
[2021-01-11 18:32:19,347] INFO - realTimeCheck.realtimemain - 근무 최초 시작
[2021-01-11 18:32:33,337] INFO - realTimeCheck.realtimemain - 
---------프로그램 종료----------
[2021-01-11 18:32:33,338] INFO - realTimeCheck.realtimemain - 총근무시간 : 14초
순수근무시간 : 14초
근무태만시간 : 0초
[2021-01-11 18:32:52,866] INFO - realTimeCheck.realtimemain - 근무 최초 시작
[2021-01-11 18:33:02,505] INFO - realTimeCheck.realtimemain - 
---------프로그램 종료----------
[2021-01-11 18:33:02,506] INFO - realTimeCheck.realtimemain - 총근무시간 : 10초
순수근무시간 : 10초
근무태만시간 : 0초
[2021-01-11 18:33:09,324] INFO - realTimeCheck.realtimemain - 근무 최초 시작
[2021-01-11 18:33:11,714] INFO - realTimeCheck.realtimemain - 
---------프로그램 종료----------
[2021-01-11 18:33:11,714] INFO - realTimeCheck.realtimemain - 총근무시간 : 2초
순수근무시간 : 2초
근무태만시간 : 0초
[2021-01-11 18:33:27,506] INFO - realTimeCheck.realtimemain - 근무 최초 시작
[2021-01-11 18:40:07,123] INFO - realTimeCheck.realtimemain - 
---------프로그램 종료----------
[2021-01-11 18:40:07,124] INFO - realTimeCheck.realtimemain - 총근무시간 : 7분 40초
순수근무시간 : 7분 40초
근무태만시간 : 0초
[2021-01-11 18:41:47,506] INFO - realTimeCheck.realtimemain - 근무 최초 시작
[2021-01-11 18:41:55,779] INFO - realTimeCheck.realtimemain - 
---------프로그램 종료----------
[2021-01-11 18:41:55,780] INFO - realTimeCheck.realtimemain - 총근무시간 : 8초
순수근무시간 : 8초
근무태만시간 : 0초
[2021-01-11 18:42:07,417] INFO - realTimeCheck.realtimemain - 근무 최초 시작
[2021-01-11 18:43:33,647] INFO - realTimeCheck.realtimemain - 
---------프로그램 종료----------
[2021-01-11 18:43:33,647] INFO - realTimeCheck.realtimemain - 총근무시간 : 1분 26초
순수근무시간 : 1분 26초
근무태만시간 : 0초
[2021-01-11 18:51:05,584] INFO - realTimeCheck.realtimemain - 근무 최초 시작
[2021-01-11 18:52:26,358] INFO - realTimeCheck.realtimemain - 
---------프로그램 종료----------
[2021-01-11 18:52:26,359] INFO - realTimeCheck.realtimemain - 총근무시간 : 1분 21초
순수근무시간 : 1분 21초
근무태만시간 : 0초
[2021-01-11 19:15:01,829] INFO - realTimeCheck.realtimemain - 근무 최초 시작
[2021-01-11 19:25:53,194] INFO - realTimeCheck.realtimemain - 근무 태만 : 2021-01-11 19:25:43
[2021-01-11 19:25:55,960] INFO - realTimeCheck.realtimemain - 근무 태만 시간은 2021-01-11 19:25:43 부터 2021-01-11 19:25:55 까지 입니다.
[2021-01-11 19:25:55,964] INFO - realTimeCheck.realtimemain - 
---------프로그램 종료----------
[2021-01-11 19:25:55,965] INFO - realTimeCheck.realtimemain - 총근무시간 : 10분 53초
순수근무시간 : 10분 41초
근무태만시간 : 12초
[2021-01-11 23:29:40,752] INFO - realTimeCheck.realtimemain - 근무 최초 시작
[2021-01-11 23:29:40,754] INFO - realTimeCheck.realtimemain - 근무시작(근무중)
[2021-01-11 23:30:05,336] INFO - realTimeCheck.realtimemain - 근무시작(근무중)
[2021-01-11 23:30:18,093] INFO - realTimeCheck.realtimemain - 근무시작(근무중)
[2021-01-12 00:00:05,787] INFO - realTimeCheck.realtimemain - 근무 최초 시작
[2021-01-12 00:00:05,788] INFO - realTimeCheck.realtimemain - 근무시작(근무중)
[2021-01-12 00:00:40,345] INFO - realTimeCheck.realtimemain - 근무 유지 시간(근무중단) : 0:00:34.549227
[2021-01-12 00:00:40,346] INFO - realTimeCheck.realtimemain - 근무 태만 시작
[2021-01-12 00:01:01,588] INFO - realTimeCheck.realtimemain - 근무 태만 종료(태만 유지시간) : 0:00:31.283416
[2021-01-12 00:01:01,589] INFO - realTimeCheck.realtimemain - 근무시작(근무중)
[2021-01-12 00:01:48,074] INFO - realTimeCheck.realtimemain - 근무시작(근무중)
[2021-01-12 00:01:54,012] INFO - realTimeCheck.realtimemain - 근무시작(근무중)
[2021-01-12 00:02:05,615] INFO - realTimeCheck.realtimemain - 근무시작(근무중)
[2021-01-12 00:02:41,741] INFO - realTimeCheck.realtimemain - 근무시작(근무중)
[2021-01-12 00:02:48,556] INFO - realTimeCheck.realtimemain - 프로그램 종료
[2021-01-12 00:02:48,557] INFO - realTimeCheck.realtimemain - s
[2021-01-12 00:05:21,956] INFO - realTimeCheck.realtimemain - 근무 최초 시작
[2021-01-12 00:05:21,956] INFO - realTimeCheck.realtimemain - 근무시작(근무중)
[2021-01-12 00:05:47,290] INFO - realTimeCheck.realtimemain - 근무 유지 시간(근무중단) : 0:00:25.333598
[2021-01-12 00:05:47,291] INFO - realTimeCheck.realtimemain - 근무 태만 시작
[2021-01-12 00:06:01,830] INFO - realTimeCheck.realtimemain - 근무 태만 종료(태만 유지시간) : 0:00:24.541665
[2021-01-12 00:06:01,831] INFO - realTimeCheck.realtimemain - 근무시작(근무중)
[2021-01-12 00:06:26,038] INFO - realTimeCheck.realtimemain - 프로그램 종료
[2021-01-12 00:06:26,039] INFO - realTimeCheck.realtimemain - 총근무시간 : 1분 3초
순수근무시간 : 39초
근무태만시간 : 24초
[2021-01-12 00:07:48,823] INFO - realTimeCheck.realtimemain - 프로그램 종료
[2021-01-12 00:07:48,823] INFO - realTimeCheck.realtimemain - 총근무시간 : 2분 53초
순수근무시간 : 2분 53초
근무태만시간 : 0초
[2021-01-12 00:10:01,795] INFO - realTimeCheck.realtimemain - 프로그램 종료
[2021-01-12 00:10:01,795] INFO - realTimeCheck.realtimemain - 총근무시간 : 5분 6초
순수근무시간 : 5분 6초
근무태만시간 : 0초
[2021-01-12 00:16:30,005] INFO - realTimeCheck.realtimemain - 프로그램 종료
[2021-01-12 00:16:30,005] INFO - realTimeCheck.realtimemain - 총근무시간 : 11분 34초
순수근무시간 : 11분 34초
근무태만시간 : 0초
[2021-01-12 00:16:47,094] INFO - realTimeCheck.realtimemain - 근무 최초 시작
[2021-01-12 00:16:47,095] INFO - realTimeCheck.realtimemain - 근무시작(근무중)
[2021-01-12 00:16:50,761] INFO - realTimeCheck.realtimemain - 프로그램 종료
[2021-01-12 00:16:50,761] INFO - realTimeCheck.realtimemain - 총근무시간 : 3초
순수근무시간 : 3초
근무태만시간 : 0초
[2021-01-12 00:28:11,981] INFO - realTimeCheck.realtimemain - 근무 최초 시작
[2021-01-12 00:28:11,982] INFO - realTimeCheck.realtimemain - 근무시작(근무중)
[2021-01-12 00:28:24,320] INFO - realTimeCheck.realtimemain - 프로그램 종료
[2021-01-12 00:28:24,321] INFO - realTimeCheck.realtimemain - 총근무시간 : 12초
순수근무시간 : 12초
근무태만시간 : 0초
[2021-01-12 00:29:09,146] INFO - realTimeCheck.realtimemain - 프로그램 종료
[2021-01-12 00:29:09,146] INFO - realTimeCheck.realtimemain - 총근무시간 : 1분 28초
순수근무시간 : 1분 28초
근무태만시간 : 0초
[2021-01-12 00:33:54,223] INFO - realTimeCheck.realtimemain - 프로그램 종료
[2021-01-12 00:33:54,224] INFO - realTimeCheck.realtimemain - 총근무시간 : 6분 13초
순수근무시간 : 6분 13초
근무태만시간 : 0초
[2021-01-12 00:34:03,892] INFO - realTimeCheck.realtimemain - 근무 최초 시작
[2021-01-12 00:34:03,893] INFO - realTimeCheck.realtimemain - 근무시작(근무중)
[2021-01-12 00:34:09,558] INFO - realTimeCheck.realtimemain - 프로그램 종료
[2021-01-12 00:34:09,558] INFO - realTimeCheck.realtimemain - 총근무시간 : 5초
순수근무시간 : 5초
근무태만시간 : 0초
[2021-01-12 00:34:18,813] INFO - realTimeCheck.realtimemain - 근무 최초 시작
[2021-01-12 00:34:18,814] INFO - realTimeCheck.realtimemain - 근무시작(근무중)
[2021-01-12 00:34:22,880] INFO - realTimeCheck.realtimemain - 프로그램 종료
[2021-01-12 00:34:22,881] INFO - realTimeCheck.realtimemain - 총근무시간 : 3초
순수근무시간 : 3초
근무태만시간 : 0초
[2021-01-12 00:44:46,075] INFO - realTimeCheck.realtimemain - 근무 최초 시작
[2021-01-12 00:44:46,076] INFO - realTimeCheck.realtimemain - 근무시작(근무중)
[2021-01-12 00:49:46,462] INFO - realTimeCheck.realtimemain - 근무 최초 시작
[2021-01-12 00:49:46,463] INFO - realTimeCheck.realtimemain - 근무시작(근무중)
[2021-01-12 00:49:55,381] INFO - realTimeCheck.realtimemain - 프로그램 종료
[2021-01-12 00:49:55,381] INFO - realTimeCheck.realtimemain - 총근무시간 : 8초
순수근무시간 : 8초
근무태만시간 : 0초
[2021-01-12 00:51:13,342] INFO - realTimeCheck.realtimemain - 근무 최초 시작
[2021-01-12 00:51:13,343] INFO - realTimeCheck.realtimemain - 근무시작(근무중)
[2021-01-12 00:51:39,042] INFO - realTimeCheck.realtimemain - 근무 유지 시간(근무중단) : 0:00:25.699629
[2021-01-12 00:51:39,043] INFO - realTimeCheck.realtimemain - 근무 태만 시작
[2021-01-12 00:51:41,410] INFO - realTimeCheck.realtimemain - 근무 태만 종료(태만 유지시간) : 0:00:12.368406
[2021-01-12 00:51:41,411] INFO - realTimeCheck.realtimemain - 근무시작(근무중)
[2021-01-12 00:51:58,315] INFO - realTimeCheck.realtimemain - 프로그램 종료
[2021-01-12 00:51:58,316] INFO - realTimeCheck.realtimemain - 총근무시간 : 44초
순수근무시간 : 32초
근무태만시간 : 12초
[2021-01-12 00:53:40,981] INFO - realTimeCheck.realtimemain - 프로그램 종료
[2021-01-12 00:53:40,982] INFO - realTimeCheck.realtimemain - 총근무시간 : 2분 57초
순수근무시간 : 2분 57초
근무태만시간 : 0초
[2021-01-12 01:02:33,332] INFO - realTimeCheck.realtimemain - 프로그램 종료
[2021-01-12 01:02:33,332] INFO - realTimeCheck.realtimemain - 총근무시간 : 37초
순수근무시간 : 37초
근무태만시간 : 0초
[2021-01-12 01:02:49,306] INFO - realTimeCheck.realtimemain - 프로그램 종료
[2021-01-12 01:02:49,306] INFO - realTimeCheck.realtimemain - 총근무시간 : 53초
순수근무시간 : 53초
근무태만시간 : 0초
[2021-01-12 01:02:56,848] INFO - realTimeCheck.realtimemain - 프로그램 종료
[2021-01-12 01:02:56,849] INFO - realTimeCheck.realtimemain - 총근무시간 : 1분 0초
순수근무시간 : 1분 0초
근무태만시간 : 0초
[2021-01-12 01:03:03,534] INFO - realTimeCheck.realtimemain - 프로그램 종료
[2021-01-12 01:03:03,534] INFO - realTimeCheck.realtimemain - 총근무시간 : 1분 7초
순수근무시간 : 1분 7초
근무태만시간 : 0초
[2021-01-12 01:03:09,656] INFO - realTimeCheck.realtimemain - 프로그램 종료
[2021-01-12 01:03:09,656] INFO - realTimeCheck.realtimemain - 총근무시간 : 1분 13초
순수근무시간 : 1분 13초
근무태만시간 : 0초
[2021-01-12 01:03:17,134] INFO - realTimeCheck.realtimemain - 프로그램 종료
[2021-01-12 01:03:17,134] INFO - realTimeCheck.realtimemain - 총근무시간 : 1분 20초
순수근무시간 : 1분 20초
근무태만시간 : 0초
[2021-01-12 01:03:27,600] INFO - realTimeCheck.realtimemain - 근무 최초 시작
[2021-01-12 01:03:27,601] INFO - realTimeCheck.realtimemain - 근무시작(근무중)
[2021-01-12 01:03:30,630] INFO - realTimeCheck.realtimemain - 프로그램 종료
[2021-01-12 01:03:30,630] INFO - realTimeCheck.realtimemain - 총근무시간 : 3초
순수근무시간 : 3초
근무태만시간 : 0초
[2021-01-12 01:11:41,969] INFO - realTimeCheck.realtimemain - 근무 최초 시작
[2021-01-12 01:11:41,969] INFO - realTimeCheck.realtimemain - 근무시작(근무중)
[2021-01-12 01:12:11,586] INFO - realTimeCheck.realtimemain - 프로그램 종료
[2021-01-12 01:12:11,586] INFO - realTimeCheck.realtimemain - 총근무시간 : 29초
순수근무시간 : 29초
근무태만시간 : 0초
[2021-01-12 01:12:40,120] INFO - realTimeCheck.realtimemain - 프로그램 종료
[2021-01-12 01:12:40,120] INFO - realTimeCheck.realtimemain - 총근무시간 : 0초
순수근무시간 : 0초
근무태만시간 : 0초
[2021-01-12 01:32:14,283] INFO - realTimeCheck.realtimemain - 근무 최초 시작
[2021-01-12 01:32:14,284] INFO - realTimeCheck.realtimemain - 근무시작(근무중)
[2021-01-12 01:32:34,194] INFO - realTimeCheck.realtimemain - 근무 유지 시간(근무중단) : 0:00:19.910130
[2021-01-12 01:32:34,195] INFO - realTimeCheck.realtimemain - 프로그램 종료
[2021-01-12 01:32:34,195] INFO - realTimeCheck.realtimemain - 총근무시간 : 19초
순수근무시간 : 19초
근무태만시간 : 0초
[2021-01-12 01:32:50,242] INFO - realTimeCheck.realtimemain - 근무 최초 시작
[2021-01-12 01:32:50,242] INFO - realTimeCheck.realtimemain - 근무시작(근무중)
[2021-01-12 01:33:16,305] INFO - realTimeCheck.realtimemain - 근무 유지 시간(근무중단) : 0:00:26.062602
[2021-01-12 01:33:16,306] INFO - realTimeCheck.realtimemain - 근무 태만 시작
[2021-01-12 01:34:16,548] INFO - realTimeCheck.realtimemain - 근무 태만 종료(태만 유지시간) : 0:01:10.272983
[2021-01-12 01:34:16,549] INFO - realTimeCheck.realtimemain - 근무시작(근무중)
[2021-01-12 01:34:40,531] INFO - realTimeCheck.realtimemain - 근무 유지 시간(근무중단) : 0:00:23.982934
[2021-01-12 01:34:40,532] INFO - realTimeCheck.realtimemain - 근무 태만 시작
[2021-01-12 01:34:43,594] INFO - realTimeCheck.realtimemain - 근무 태만 종료(태만 유지시간) : 0:00:13.096343
[2021-01-12 01:34:43,595] INFO - realTimeCheck.realtimemain - 근무시작(근무중)
[2021-01-12 01:35:00,436] INFO - realTimeCheck.realtimemain - 근무 유지 시간(근무중단) : 0:00:16.842033
[2021-01-12 01:35:00,437] INFO - realTimeCheck.realtimemain - 근무 태만 시작
[2021-01-12 01:35:30,851] INFO - realTimeCheck.realtimemain - 근무 태만 종료(태만 유지시간) : 0:00:40.433136
[2021-01-12 01:35:30,852] INFO - realTimeCheck.realtimemain - 근무시작(근무중)
[2021-01-12 01:35:51,386] INFO - realTimeCheck.realtimemain - 근무 유지 시간(근무중단) : 0:00:20.534372
[2021-01-12 01:35:51,387] INFO - realTimeCheck.realtimemain - 근무 태만 시작
[2021-01-12 01:37:19,684] INFO - realTimeCheck.realtimemain - 근무 태만 종료(태만 유지시간) : 0:01:38.337694
[2021-01-12 01:37:19,684] INFO - realTimeCheck.realtimemain - 근무시작(근무중)
[2021-01-12 01:37:38,607] INFO - realTimeCheck.realtimemain - 근무 유지 시간(근무중단) : 0:00:18.922408
[2021-01-12 01:37:38,610] INFO - realTimeCheck.realtimemain - 프로그램 종료
[2021-01-12 01:37:38,610] INFO - realTimeCheck.realtimemain - 총근무시간 : 4분 48초
순수근무시간 : 1분 6초
근무태만시간 : 3분 42초
[2021-01-12 01:49:12,660] INFO - realTimeCheck.realtimemain - 근무 최초 시작
[2021-01-12 01:49:12,660] INFO - realTimeCheck.realtimemain - 근무시작(근무중)
[2021-01-12 01:50:16,236] INFO - realTimeCheck.realtimemain - 근무 유지 시간(근무중단) : 0:00:53.543370
[2021-01-12 01:50:16,237] INFO - realTimeCheck.realtimemain - 근무 태만 시작
[2021-01-12 01:50:40,835] INFO - realTimeCheck.realtimemain - 근무 태만 종료(태만 유지시간) : 0:00:34.631483
[2021-01-12 01:50:40,836] INFO - realTimeCheck.realtimemain - 근무시작(근무중)
[2021-01-12 01:51:03,612] INFO - realTimeCheck.realtimemain - 근무 유지 시간(근무중단) : 0:00:12.760351
[2021-01-12 01:51:03,612] INFO - realTimeCheck.realtimemain - 근무 태만 시작
[2021-01-12 01:51:34,590] INFO - realTimeCheck.realtimemain - 근무 태만 종료(태만 유지시간) : 0:00:40.994069
[2021-01-12 01:51:34,591] INFO - realTimeCheck.realtimemain - 프로그램 종료
[2021-01-12 01:51:34,592] INFO - realTimeCheck.realtimemain - 총근무시간 : 2분 21초
순수근무시간 : 1분 6초
근무태만시간 : 1분 15초
[2021-01-12 01:53:31,813] INFO - realTimeCheck.realtimemain - 근무 최초 시작
[2021-01-12 01:53:31,814] INFO - realTimeCheck.realtimemain - 근무시작(근무중)
[2021-01-12 01:54:44,663] INFO - realTimeCheck.realtimemain - 근무 유지 시간(근무중단) : 0:01:02.818269
[2021-01-12 01:54:44,664] INFO - realTimeCheck.realtimemain - 근무 태만 시작
[2021-01-12 01:55:03,972] INFO - realTimeCheck.realtimemain - 근무 태만 종료(태만 유지시간) : 0:00:29.338674
[2021-01-12 01:55:03,972] INFO - realTimeCheck.realtimemain - 근무시작(근무중)
[2021-01-12 01:56:52,302] INFO - realTimeCheck.realtimemain - 근무 유지 시간(근무중단) : 0:01:38.309672
[2021-01-12 01:56:52,302] INFO - realTimeCheck.realtimemain - 근무 태만 시작
[2021-01-12 01:57:17,102] INFO - realTimeCheck.realtimemain - 근무 태만 종료(태만 유지시간) : 0:00:34.819894
[2021-01-12 01:57:17,103] INFO - realTimeCheck.realtimemain - 근무시작(근무중)
[2021-01-12 01:58:23,413] INFO - realTimeCheck.realtimemain - 근무 유지 시간(근무중단) : 0:01:06.311132
[2021-01-12 01:58:23,415] INFO - realTimeCheck.realtimemain - 프로그램 종료
[2021-01-12 01:58:23,416] INFO - realTimeCheck.realtimemain - 총근무시간 : 4분 51초
순수근무시간 : 3분 47초
근무태만시간 : 1분 4초
[2021-01-12 21:19:54,671] INFO - realTimeCheck.realtimemain - 근무 최초 시작
[2021-01-12 21:19:54,673] INFO - realTimeCheck.realtimemain - 근무시작(근무중)
[2021-01-12 21:20:17,142] INFO - realTimeCheck.realtimemain - 근무 유지 시간(근무중단) : 0:00:12.445910
[2021-01-12 21:20:17,143] INFO - realTimeCheck.realtimemain - 근무 태만 시작
[2021-01-12 21:20:26,067] INFO - realTimeCheck.realtimemain - 근무 태만 종료(태만 유지시간) : 0:00:18.947697
[2021-01-12 21:20:26,067] INFO - realTimeCheck.realtimemain - 근무시작(근무중)
[2021-01-12 21:20:30,455] INFO - realTimeCheck.realtimemain - 근무 유지 시간(근무중단) : 0:00:04.388093
[2021-01-12 21:20:30,456] INFO - realTimeCheck.realtimemain - 프로그램 종료
[2021-01-12 21:20:30,457] INFO - realTimeCheck.realtimemain - 총근무시간 : 0:00:35 순수근무시간 : 0:00:16 근무태만시간 : 0:00:18
2021-01-13 23:32:17 INFO videoCheck.videomain2 do_recognition:근무시작 : 0:00:01
2021-01-13 23:35:58 INFO videoCheck.videomain2 calculate_total:
프로그램 종료
2021-01-13 23:35:58 INFO videoCheck.videomain2 calculate_total:총근무시간 : 0:13:51 / 순수근무시간 : 0:13:51 / 총태만시간 : 0:00:00

2021-01-13 23:52:33 INFO videoCheck.videomain2 get_specific_frame:

<동영상으로 근무체크>
2021-01-13 23:55:54 INFO videoCheck.videomain2 do_recognition:근무시작 : 0:00:00
2021-01-14 00:00:41 INFO videoCheck.videomain2 calculate_total:프로그램 종료
2021-01-14 00:00:41 INFO videoCheck.videomain2 calculate_total:총근무시간 : 0:13:51 / 순수근무시간 : 0:13:52 / 총태만시간 : 0:00:00

2021-01-14 00:01:55 INFO videoCheck.videomain2 do_recognition:근무시작 : 0:00:00
2021-01-14 00:02:58 INFO videoCheck.videomain2 do_recognition:근무태만
2021-01-14 00:02:58 INFO videoCheck.videomain2 do_recognition:근무유지시간 : 180.0초
2021-01-14 00:03:00 INFO videoCheck.videomain2 do_recognition:태만유지시간 : 32.0초(0:03:00~0:03:32)
2021-01-14 00:03:30 INFO videoCheck.videomain2 calculate_total:프로그램 종료
2021-01-14 00:03:30 INFO videoCheck.videomain2 calculate_total:총근무시간 : 0:04:55 / 순수근무시간 : 0:04:24 / 총태만시간 : 0:00:31

[2021-01-14 00:20:01] INFO - videoCheck.videomain2 - 

<동영상으로 근무체크>
[2021-01-14 00:20:06] INFO - videoCheck.videomain2 - 근무시작 : 0:00:00
[2021-01-14 00:20:07] INFO - videoCheck.videomain2 - 근무태만
[2021-01-14 00:20:07] INFO - videoCheck.videomain2 - 근무유지시간 : 2.0초
[2021-01-14 00:20:07] INFO - videoCheck.videomain2 - 태만유지시간 : 16.0초(0:00:02~0:00:18)
[2021-01-14 00:20:08] INFO - videoCheck.videomain2 - 프로그램 종료
[2021-01-14 00:20:08] INFO - videoCheck.videomain2 - 총근무시간 : 0:00:20 / 순수근무시간 : 0:00:05 / 총태만시간 : 0:00:15

[2021-01-14 00:26:13] INFO - videoCheck.videomain2 - 

<동영상으로 근무체크>
[2021-01-14 00:27:20] INFO - videoCheck.videomain2 - 근무시작 : 0:00:00
[2021-01-14 00:29:09] INFO - videoCheck.videomain2 - 근무태만
[2021-01-14 00:29:09] INFO - videoCheck.videomain2 - 근무유지시간 : 444.3초
[2021-01-14 00:29:18] INFO - videoCheck.videomain2 - 태만유지시간 : 178.1초(0:07:24~0:10:22)
[2021-01-14 00:29:20] INFO - videoCheck.videomain2 - 프로그램 종료
[2021-01-14 00:29:20] INFO - videoCheck.videomain2 - 총근무시간 : 0:10:29 / 순수근무시간 : 0:07:31 / 총태만시간 : 0:02:58

[2021-01-14 00:39:29] INFO - videoCheck.videomain2 - 

<동영상으로 근무체크>
[2021-01-14 00:40:32] INFO - videoCheck.videomain2 - 

<동영상으로 근무체크>
[2021-01-14 00:42:03] INFO - videoCheck.videomain2 - 

<동영상으로 근무체크>
[2021-01-14 00:42:07] INFO - videoCheck.videomain2 - 근무시작 : 0:00:00
[2021-01-14 00:42:08] INFO - videoCheck.videomain2 - 근무태만
[2021-01-14 00:42:08] INFO - videoCheck.videomain2 - 근무유지시간 : 2.0초
[2021-01-14 00:42:09] INFO - videoCheck.videomain2 - 태만유지시간 : 16.0초(0:00:02~0:00:18)
[2021-01-14 00:42:09] INFO - videoCheck.videomain2 - 프로그램 종료
[2021-01-14 00:42:09] INFO - videoCheck.videomain2 - 총근무시간 : 0:00:20 / 순수근무시간 : 0:00:05 / 총태만시간 : 0:00:15

[2021-01-14 00:44:07] INFO - videoCheck.videomain2 - 

<동영상으로 근무체크>
[2021-01-14 00:44:10] INFO - videoCheck.videomain2 - 근무시작 : 0:00:00
[2021-01-14 00:44:13] INFO - videoCheck.videomain2 - 근무태만
[2021-01-14 00:44:13] INFO - videoCheck.videomain2 - 근무유지시간 : 8.0초
[2021-01-14 00:44:13] INFO - videoCheck.videomain2 - 태만유지시간 : 10.0초(0:00:08~0:00:18)
[2021-01-14 00:44:14] INFO - videoCheck.videomain2 - 프로그램 종료
[2021-01-14 00:44:14] INFO - videoCheck.videomain2 - 총근무시간 : 0:00:22 / 순수근무시간 : 0:00:12 / 총태만시간 : 0:00:10

[2021-01-14 00:45:57] INFO - videoCheck.videomain2 - 

<동영상으로 근무체크>
[2021-01-14 00:46:01] INFO - videoCheck.videomain2 - 근무시작 : 0:00:00
[2021-01-14 00:46:02] INFO - videoCheck.videomain2 - 근무태만
[2021-01-14 00:46:02] INFO - videoCheck.videomain2 - 근무유지시간 : 2.0초
[2021-01-14 00:46:03] INFO - videoCheck.videomain2 - 태만유지시간 : 16.0초(0:00:02~0:00:18)
[2021-01-14 00:46:04] INFO - videoCheck.videomain2 - 프로그램 종료
[2021-01-14 00:46:04] INFO - videoCheck.videomain2 - 총근무시간 : 0:00:20 / 순수근무시간 : 0:00:05 / 총태만시간 : 0:00:15

[2021-01-14 00:47:11] INFO - videoCheck.videomain2 - 

<동영상으로 근무체크>
[2021-01-14 00:47:15] INFO - videoCheck.videomain2 - 근무시작 : 0:00:00
[2021-01-14 00:47:16] INFO - videoCheck.videomain2 - 근무태만
[2021-01-14 00:47:16] INFO - videoCheck.videomain2 - 근무유지시간 : 2.0초
[2021-01-14 00:47:17] INFO - videoCheck.videomain2 - 태만유지시간 : 16.0초(0:00:02~0:00:18)
[2021-01-14 00:47:17] INFO - videoCheck.videomain2 - 프로그램 종료
[2021-01-14 00:47:17] INFO - videoCheck.videomain2 - 총근무시간 : 0:00:20 / 순수근무시간 : 0:00:05 / 총태만시간 : 0:00:15

[2021-01-14 00:49:31] INFO - videoCheck.videomain2 - 

<동영상으로 근무체크>
[2021-01-14 00:49:35] INFO - videoCheck.videomain2 - 근무시작 : 0:00:00
[2021-01-14 00:49:36] INFO - videoCheck.videomain2 - 근무태만
[2021-01-14 00:49:36] INFO - videoCheck.videomain2 - 근무유지시간 : 2.0초
[2021-01-14 00:49:37] INFO - videoCheck.videomain2 - 태만유지시간 : 16.0초(0:00:02~0:00:18)
[2021-01-14 00:49:38] INFO - videoCheck.videomain2 - 프로그램 종료
[2021-01-14 00:49:38] INFO - videoCheck.videomain2 - 총근무시간 : 0:00:20 / 순수근무시간 : 0:00:05 / 총태만시간 : 0:00:15

[2021-01-14 00:50:58] INFO - videoCheck.videomain2 - 

<동영상으로 근무체크>
[2021-01-14 00:51:02] INFO - videoCheck.videomain2 - 근무시작 : 0:00:00
[2021-01-14 00:51:04] INFO - videoCheck.videomain2 - 근무태만
[2021-01-14 00:51:04] INFO - videoCheck.videomain2 - 근무유지시간 : 8.0초
[2021-01-14 00:51:04] INFO - videoCheck.videomain2 - 태만유지시간 : 10.0초(0:00:08~0:00:18)
[2021-01-14 00:51:05] INFO - videoCheck.videomain2 - 프로그램 종료
[2021-01-14 00:51:05] INFO - videoCheck.videomain2 - 총근무시간 : 0:00:22 / 순수근무시간 : 0:00:12 / 총태만시간 : 0:00:10

[2021-01-14 00:52:07] INFO - videoCheck.videomain2 - 

<동영상으로 근무체크>
[2021-01-14 00:52:11] INFO - videoCheck.videomain2 - 근무시작 : 0:00:00
[2021-01-14 00:52:12] INFO - videoCheck.videomain2 - 근무태만
[2021-01-14 00:52:12] INFO - videoCheck.videomain2 - 근무유지시간 : 2.0초
[2021-01-14 00:52:13] INFO - videoCheck.videomain2 - 태만유지시간 : 16.0초(0:00:02~0:00:18)
[2021-01-14 00:52:13] INFO - videoCheck.videomain2 - 프로그램 종료
[2021-01-14 00:52:13] INFO - videoCheck.videomain2 - 총근무시간 : 0:00:20 / 순수근무시간 : 0:00:05 / 총태만시간 : 0:00:15

[2021-01-14 00:53:01] INFO - videoCheck.videomain2 - 

<동영상으로 근무체크>
[2021-01-14 00:53:05] INFO - videoCheck.videomain2 - 근무시작 : 0:00:00
[2021-01-14 00:53:06] INFO - videoCheck.videomain2 - 근무태만
[2021-01-14 00:53:06] INFO - videoCheck.videomain2 - 근무유지시간 : 2.0초
[2021-01-14 00:53:07] INFO - videoCheck.videomain2 - 태만유지시간 : 16.0초(0:00:02~0:00:18)
[2021-01-14 00:53:07] INFO - videoCheck.videomain2 - 프로그램 종료
[2021-01-14 00:53:07] INFO - videoCheck.videomain2 - 총근무시간 : 0:00:20 / 순수근무시간 : 0:00:05 / 총태만시간 : 0:00:15

[2021-01-14 00:57:36] INFO - videoCheck.videomain2 - 

<동영상으로 근무체크>
[2021-01-14 00:57:40] INFO - videoCheck.videomain2 - 근무시작 : 0:00:00
[2021-01-14 00:57:41] INFO - videoCheck.videomain2 - 근무태만
[2021-01-14 00:57:41] INFO - videoCheck.videomain2 - 근무유지시간 : 2.0초
[2021-01-14 00:57:41] INFO - videoCheck.videomain2 - 태만유지시간 : 16.0초(0:00:02~0:00:18)
[2021-01-14 00:57:42] INFO - videoCheck.videomain2 - 프로그램 종료
[2021-01-14 00:57:42] INFO - videoCheck.videomain2 - 총근무시간 : 0:00:20 / 순수근무시간 : 0:00:05 / 총태만시간 : 0:00:15

[2021-01-14 00:58:27] INFO - videoCheck.videomain2 - 

<동영상으로 근무체크>
[2021-01-14 00:58:31] INFO - videoCheck.videomain2 - 근무시작 : 0:00:00
[2021-01-14 00:58:32] INFO - videoCheck.videomain2 - 근무태만
[2021-01-14 00:58:32] INFO - videoCheck.videomain2 - 근무유지시간 : 2.0초
[2021-01-14 00:58:32] INFO - videoCheck.videomain2 - 태만유지시간 : 16.0초(0:00:02~0:00:18)
[2021-01-14 00:58:33] INFO - videoCheck.videomain2 - 프로그램 종료
[2021-01-14 00:58:33] INFO - videoCheck.videomain2 - 총근무시간 : 0:00:20 / 순수근무시간 : 0:00:05 / 총태만시간 : 0:00:15

[2021-01-14 01:00:09] INFO - videoCheck.videomain2 - 

<동영상으로 근무체크>
[2021-01-14 01:00:13] INFO - videoCheck.videomain2 - 근무시작 : 0:00:00
[2021-01-14 01:00:14] INFO - videoCheck.videomain2 - 근무태만
[2021-01-14 01:00:14] INFO - videoCheck.videomain2 - 근무유지시간 : 2.0초
[2021-01-14 01:00:15] INFO - videoCheck.videomain2 - 태만유지시간 : 16.0초(0:00:02~0:00:18)
[2021-01-14 01:00:15] INFO - videoCheck.videomain2 - 프로그램 종료
[2021-01-14 01:00:15] INFO - videoCheck.videomain2 - 총근무시간 : 0:00:20 / 순수근무시간 : 0:00:05 / 총태만시간 : 0:00:15

[2021-01-14 01:01:27] INFO - videoCheck.videomain2 - 

<동영상으로 근무체크>
[2021-01-14 01:01:30] INFO - videoCheck.videomain2 - 근무시작 : 0:00:00
[2021-01-14 01:01:31] INFO - videoCheck.videomain2 - 근무태만
[2021-01-14 01:01:31] INFO - videoCheck.videomain2 - 근무유지시간 : 2.0초
[2021-01-14 01:01:32] INFO - videoCheck.videomain2 - 태만유지시간 : 16.0초(0:00:02~0:00:18)
[2021-01-14 01:01:33] INFO - videoCheck.videomain2 - 프로그램 종료
[2021-01-14 01:01:33] INFO - videoCheck.videomain2 - 총근무시간 : 0:00:20 / 순수근무시간 : 0:00:05 / 총태만시간 : 0:00:15

[2021-01-14 01:04:06] INFO - videoCheck.videomain2 - 

<동영상으로 근무체크>
[2021-01-14 01:04:10] INFO - videoCheck.videomain2 - 근무시작 : 0:00:00
[2021-01-14 01:04:12] INFO - videoCheck.videomain2 - 근무태만
[2021-01-14 01:04:12] INFO - videoCheck.videomain2 - 근무유지시간 : 8.0초
[2021-01-14 01:04:12] INFO - videoCheck.videomain2 - 태만유지시간 : 10.0초(0:00:08~0:00:18)
[2021-01-14 01:04:13] INFO - videoCheck.videomain2 - 프로그램 종료
[2021-01-14 01:04:13] INFO - videoCheck.videomain2 - 총근무시간 : 0:00:22 / 순수근무시간 : 0:00:12 / 총태만시간 : 0:00:10

[2021-01-14 01:06:13] INFO - videoCheck.videomain2 - 

<동영상으로 근무체크>
[2021-01-14 01:06:18] INFO - videoCheck.videomain2 - 근무시작 : 0:00:00
[2021-01-14 01:06:20] INFO - videoCheck.videomain2 - 근무태만
[2021-01-14 01:06:20] INFO - videoCheck.videomain2 - 근무유지시간 : 8.0초
[2021-01-14 01:06:20] INFO - videoCheck.videomain2 - 태만유지시간 : 10.0초(0:00:08~0:00:18)
[2021-01-14 01:06:21] INFO - videoCheck.videomain2 - 프로그램 종료
[2021-01-14 01:06:21] INFO - videoCheck.videomain2 - 총근무시간 : 0:00:22 / 순수근무시간 : 0:00:12 / 총태만시간 : 0:00:10

[2021-01-14 01:08:16] INFO - videoCheck.videomain2 - 

<동영상으로 근무체크>
[2021-01-14 01:08:21] INFO - videoCheck.videomain2 - 근무시작 : 0:00:00
[2021-01-14 01:08:23] INFO - videoCheck.videomain2 - 근무태만
[2021-01-14 01:08:23] INFO - videoCheck.videomain2 - 근무유지시간 : 8.0초
[2021-01-14 01:08:23] INFO - videoCheck.videomain2 - 태만유지시간 : 10.0초(0:00:08~0:00:18)
[2021-01-14 01:08:24] INFO - videoCheck.videomain2 - 프로그램 종료
[2021-01-14 01:08:24] INFO - videoCheck.videomain2 - 총근무시간 : 0:00:22 / 순수근무시간 : 0:00:12 / 총태만시간 : 0:00:10

[2021-01-14 01:10:31] INFO - videoCheck.videomain2 - 

<동영상으로 근무체크>
[2021-01-14 01:10:36] INFO - videoCheck.videomain2 - 근무시작 : 0:00:00
[2021-01-14 01:10:37] INFO - videoCheck.videomain2 - 근무태만
[2021-01-14 01:10:37] INFO - videoCheck.videomain2 - 근무유지시간 : 2.0초
[2021-01-14 01:10:38] INFO - videoCheck.videomain2 - 태만유지시간 : 16.0초(0:00:02~0:00:18)
[2021-01-14 01:10:38] INFO - videoCheck.videomain2 - 프로그램 종료
[2021-01-14 01:10:38] INFO - videoCheck.videomain2 - 총근무시간 : 0:00:20 / 순수근무시간 : 0:00:05 / 총태만시간 : 0:00:15

[2021-01-14 01:12:09] INFO - videoCheck.videomain2 - 

<동영상으로 근무체크>
[2021-01-14 01:12:13] INFO - videoCheck.videomain2 - 근무시작 : 0:00:00
[2021-01-14 01:12:16] INFO - videoCheck.videomain2 - 근무태만
[2021-01-14 01:12:16] INFO - videoCheck.videomain2 - 근무유지시간 : 8.0초
[2021-01-14 01:12:16] INFO - videoCheck.videomain2 - 태만유지시간 : 10.0초(0:00:08~0:00:18)
[2021-01-14 01:12:17] INFO - videoCheck.videomain2 - 프로그램 종료
[2021-01-14 01:12:17] INFO - videoCheck.videomain2 - 총근무시간 : 0:00:22 / 순수근무시간 : 0:00:12 / 총태만시간 : 0:00:10

[2021-01-14 13:20:47] INFO - videoCheck.videomain2 - 

<동영상으로 근무체크>
[2021-01-14 13:21:56] INFO - videoCheck.videomain2 - 근무시작 : 0:00:00
[2021-01-14 13:23:47] INFO - videoCheck.videomain2 - 근무태만
[2021-01-14 13:23:47] INFO - videoCheck.videomain2 - 근무유지시간 : 444.3초
[2021-01-14 13:23:56] INFO - videoCheck.videomain2 - 태만유지시간 : 178.1초(0:07:24~0:10:22)
[2021-01-14 13:23:57] INFO - videoCheck.videomain2 - 프로그램 종료
[2021-01-14 13:23:57] INFO - videoCheck.videomain2 - 총근무시간 : 0:10:29 / 순수근무시간 : 0:07:31 / 총태만시간 : 0:02:58

[2021-01-14 13:25:15] INFO - videoCheck.videomain2 - 

<동영상으로 근무체크>
[2021-01-14 13:25:58] INFO - videoCheck.videomain2 - 근무시작 : 0:00:00
[2021-01-14 13:25:59] INFO - videoCheck.videomain2 - 근무태만
[2021-01-14 13:25:59] INFO - videoCheck.videomain2 - 근무유지시간 : 6.0초
[2021-01-14 13:26:00] INFO - videoCheck.videomain2 - 태만유지시간 : 16.0초(0:00:06~0:00:22)
[2021-01-14 13:26:38] INFO - videoCheck.videomain2 - 근무태만
[2021-01-14 13:26:38] INFO - videoCheck.videomain2 - 근무유지시간 : 164.2초
[2021-01-14 13:26:39] INFO - videoCheck.videomain2 - 태만유지시간 : 16.0초(0:03:06~0:03:22)
[2021-01-14 13:26:53] INFO - videoCheck.videomain2 - 근무태만
[2021-01-14 13:26:53] INFO - videoCheck.videomain2 - 근무유지시간 : 48.0초
[2021-01-14 13:26:54] INFO - videoCheck.videomain2 - 태만유지시간 : 24.0초(0:04:10~0:04:34)
[2021-01-14 13:27:27] INFO - videoCheck.videomain2 - 근무태만
[2021-01-14 13:27:27] INFO - videoCheck.videomain2 - 근무유지시간 : 126.1초
[2021-01-14 13:27:27] INFO - videoCheck.videomain2 - 태만유지시간 : 10.0초(0:06:40~0:06:50)
[2021-01-14 13:27:35] INFO - videoCheck.videomain2 - 근무태만
[2021-01-14 13:27:35] INFO - videoCheck.videomain2 - 근무유지시간 : 28.0초
[2021-01-14 13:27:36] INFO - videoCheck.videomain2 - 태만유지시간 : 16.0초(0:07:18~0:07:34)
[2021-01-14 13:27:50] INFO - videoCheck.videomain2 - 근무태만
[2021-01-14 13:27:50] INFO - videoCheck.videomain2 - 근무유지시간 : 54.1초
[2021-01-14 13:27:51] INFO - videoCheck.videomain2 - 태만유지시간 : 16.0초(0:08:28~0:08:44)
[2021-01-14 13:28:25] INFO - videoCheck.videomain2 - 근무태만
[2021-01-14 13:28:25] INFO - videoCheck.videomain2 - 근무유지시간 : 128.1초
[2021-01-14 13:28:25] INFO - videoCheck.videomain2 - 태만유지시간 : 10.0초(0:10:52~0:11:02)
[2021-01-14 13:28:32] INFO - videoCheck.videomain2 - 근무태만
[2021-01-14 13:28:32] INFO - videoCheck.videomain2 - 근무유지시간 : 26.0초
[2021-01-14 13:28:33] INFO - videoCheck.videomain2 - 태만유지시간 : 18.0초(0:11:28~0:11:46)
[2021-01-14 13:28:45] INFO - videoCheck.videomain2 - 프로그램 종료
[2021-01-14 13:28:45] INFO - videoCheck.videomain2 - 총근무시간 : 0:12:39 / 순수근무시간 : 0:10:33 / 총태만시간 : 0:02:06

[2021-01-14 13:33:07] INFO - videoCheck.videomain2 - 

<동영상으로 근무체크>
[2021-01-14 13:39:01] INFO - videoCheck.videomain2 - 근무시작 : 0:00:00
[2021-01-14 13:43:28] INFO - videoCheck.videomain2 - 프로그램 종료
[2021-01-14 13:43:28] INFO - videoCheck.videomain2 - 총근무시간 : 0:13:49 / 순수근무시간 : 0:13:50 / 총태만시간 : 0:00:00

[2021-01-14 13:50:37] INFO - videoCheck.videomain2 - 근무시작 : 0:00:00
[2021-01-14 13:54:17] INFO - videoCheck.videomain2 - 프로그램 종료
[2021-01-14 13:54:17] INFO - videoCheck.videomain2 - 총근무시간 : 0:13:51 / 순수근무시간 : 0:13:52 / 총태만시간 : 0:00:00

[2021-01-14 14:09:48] INFO - videoCheck.videomain2 - 

<동영상으로 근무체크>
[2021-01-14 14:11:54] INFO - videoCheck.videomain2 - 

<동영상으로 근무체크>
[2021-01-14 14:13:07] INFO - videoCheck.videomain2 - 근무시작 : 0:00:00
[2021-01-14 14:13:14] INFO - videoCheck.videomain2 - 프로그램 종료
[2021-01-14 14:13:14] INFO - videoCheck.videomain2 - 총근무시간 : 0:00:25 / 순수근무시간 : 0:00:26 / 총태만시간 : 0:00:00

[2021-01-14 15:05:09] INFO - videoCheck.videomain2 - <동영상으로 근무체크>
[2021-01-14 15:05:57] INFO - videoCheck.videomain2 - <동영상으로 근무체크>
[2021-01-14 15:18:43] INFO - videoCheck.videomain2 - <동영상으로 근무체크>
[2021-01-14 15:18:46] INFO - videoCheck.videomain2 - 근무시작 : 0:00:00
[2021-01-14 15:18:46] INFO - videoCheck.videomain2 - 프로그램 종료
[2021-01-14 15:18:46] INFO - videoCheck.videomain2 - 총근무시간 : 0:00:00 / 순수근무시간 : 0:00:00 / 총태만시간 : 0:00:00

[2021-01-14 15:21:19] INFO - videoCheck.videomain2 - <동영상으로 근무체크>
[2021-01-14 15:21:22] INFO - videoCheck.videomain2 - 근무시작 : 0:00:00
[2021-01-14 15:23:49] INFO - videoCheck.videomain2 - <동영상으로 근무체크>
[2021-01-14 15:27:51] INFO - videoCheck.videomain2 - 근무시작 : 0:00:00
[2021-01-14 15:28:51] INFO - videoCheck.videomain2 - 근무태만
[2021-01-14 15:28:51] INFO - videoCheck.videomain2 - 근무유지시간 : 236.0초
[2021-01-14 15:28:51] INFO - videoCheck.videomain2 - 태만유지시간 : 12.0초(0:03:56~0:04:08)
[2021-01-14 15:29:00] INFO - videoCheck.videomain2 - 근무태만
[2021-01-14 15:29:00] INFO - videoCheck.videomain2 - 근무유지시간 : 46.0초
[2021-01-14 15:29:01] INFO - videoCheck.videomain2 - 태만유지시간 : 38.0초(0:04:54~0:05:32)
[2021-01-14 15:29:02] INFO - videoCheck.videomain2 - 근무태만
[2021-01-14 15:29:02] INFO - videoCheck.videomain2 - 근무유지시간 : 4.0초
[2021-01-14 15:29:03] INFO - videoCheck.videomain2 - 태만유지시간 : 14.0초(0:05:36~0:05:50)
[2021-01-14 15:29:05] INFO - videoCheck.videomain2 - 근무태만
[2021-01-14 15:29:05] INFO - videoCheck.videomain2 - 근무유지시간 : 8.0초
[2021-01-14 15:29:06] INFO - videoCheck.videomain2 - 태만유지시간 : 26.0초(0:05:58~0:06:24)
[2021-01-14 15:29:58] INFO - videoCheck.videomain2 - 근무태만
[2021-01-14 15:29:58] INFO - videoCheck.videomain2 - 근무유지시간 : 196.0초
[2021-01-14 15:30:10] INFO - videoCheck.videomain2 - 태만유지시간 : 238.0초(0:09:40~0:13:38)
[2021-01-14 15:30:34] INFO - videoCheck.videomain2 - 프로그램 종료
[2021-01-14 15:30:34] INFO - videoCheck.videomain2 - 총근무시간 : 0:15:21 / 순수근무시간 : 0:09:54 / 총태만시간 : 0:05:27

[2021-01-14 15:42:18] INFO - videoCheck.videomain2 - <동영상으로 근무체크>
[2021-01-14 15:44:29] INFO - videoCheck.videomain2 - 근무시작 : 0:00:00
[2021-01-14 15:45:32] INFO - videoCheck.videomain2 - 근무태만
[2021-01-14 15:45:32] INFO - videoCheck.videomain2 - 근무유지시간 : 260.0초
[2021-01-14 15:45:32] INFO - videoCheck.videomain2 - 태만유지시간 : 10.0초(0:04:20~0:04:30)
[2021-01-14 15:45:37] INFO - videoCheck.videomain2 - 근무태만
[2021-01-14 15:45:37] INFO - videoCheck.videomain2 - 근무유지시간 : 24.0초
[2021-01-14 15:45:39] INFO - videoCheck.videomain2 - 태만유지시간 : 38.0초(0:04:54~0:05:32)
[2021-01-14 15:45:40] INFO - videoCheck.videomain2 - 근무태만
[2021-01-14 15:45:40] INFO - videoCheck.videomain2 - 근무유지시간 : 4.0초
[2021-01-14 15:45:40] INFO - videoCheck.videomain2 - 태만유지시간 : 14.0초(0:05:36~0:05:50)
[2021-01-14 15:45:41] INFO - videoCheck.videomain2 - 근무태만
[2021-01-14 15:45:41] INFO - videoCheck.videomain2 - 근무유지시간 : 8.0초
[2021-01-14 15:45:42] INFO - videoCheck.videomain2 - 태만유지시간 : 22.0초(0:05:58~0:06:20)
[2021-01-14 15:46:33] INFO - videoCheck.videomain2 - 근무태만
[2021-01-14 15:46:33] INFO - videoCheck.videomain2 - 근무유지시간 : 200.0초
[2021-01-14 15:46:44] INFO - videoCheck.videomain2 - 태만유지시간 : 238.0초(0:09:40~0:13:38)
[2021-01-14 15:47:07] INFO - videoCheck.videomain2 - 프로그램 종료
[2021-01-14 15:47:07] INFO - videoCheck.videomain2 - 총근무시간 : 0:15:21 / 순수근무시간 : 0:10:00 / 총태만시간 : 0:05:21

[2021-01-14 16:15:17] INFO - videoCheck.videomain2 - <동영상으로 근무체크>
[2021-01-14 16:20:54] INFO - videoCheck.videomain2 - <동영상으로 근무체크>
[2021-01-14 16:21:07] INFO - videoCheck.videomain2 - 근무시작 : 0:00:00
[2021-01-14 16:21:16] INFO - videoCheck.videomain2 - 프로그램 종료
[2021-01-14 16:21:16] INFO - videoCheck.videomain2 - 총근무시간 : 0:00:00 / 순수근무시간 : 0:00:00 / 총태만시간 : 0:00:00

[2021-01-14 16:27:18] INFO - videoCheck.videomain2 - <동영상으로 근무체크>
[2021-01-14 16:27:32] INFO - videoCheck.videomain2 - 근무시작 : 0:00:00
[2021-01-14 16:27:42] INFO - videoCheck.videomain2 - 프로그램 종료
[2021-01-14 16:27:42] INFO - videoCheck.videomain2 - 총근무시간 : 0:00:28 / 순수근무시간 : 0:00:28 / 총태만시간 : 0:00:00

[2021-01-14 16:30:31] INFO - videoCheck.videomain2 - <동영상으로 근무체크>
[2021-01-14 16:30:35] INFO - videoCheck.videomain2 - 근무시작 : 0:00:00
[2021-01-14 16:30:36] INFO - videoCheck.videomain2 - 근무태만
[2021-01-14 16:30:36] INFO - videoCheck.videomain2 - 근무유지시간 : 2.0초
[2021-01-14 16:30:37] INFO - videoCheck.videomain2 - 태만유지시간 : 16.0초(0:00:02~0:00:18)
[2021-01-14 16:30:37] INFO - videoCheck.videomain2 - 프로그램 종료
[2021-01-14 16:30:37] INFO - videoCheck.videomain2 - 총근무시간 : 0:00:20 / 순수근무시간 : 0:00:04 / 총태만시간 : 0:00:16

[2021-01-14 16:32:52] INFO - videoCheck.videomain2 - 근무시작 : 0:00:00
[2021-01-14 16:34:40] INFO - videoCheck.videomain2 - 근무태만
[2021-01-14 16:34:40] INFO - videoCheck.videomain2 - 근무유지시간 : 444.3초
[2021-01-14 16:34:49] INFO - videoCheck.videomain2 - 태만유지시간 : 178.1초(0:07:24~0:10:22)
[2021-01-14 16:34:50] INFO - videoCheck.videomain2 - 프로그램 종료
[2021-01-14 16:34:50] INFO - videoCheck.videomain2 - 총근무시간 : 0:10:29 / 순수근무시간 : 0:07:31 / 총태만시간 : 0:02:58

[2021-01-14 16:47:25] INFO - videoCheck.videomain2 - 프로그램 종료
[2021-01-14 16:47:25] INFO - videoCheck.videomain2 - 총근무시간 : 0:15:21 / 순수근무시간 : 0:15:21 / 총태만시간 : 0:00:00

[2021-01-14 16:49:34] INFO - videoCheck.videomain2 - 근무시작 : 0:00:14
[2021-01-14 16:49:37] INFO - videoCheck.videomain2 - 근무태만
[2021-01-14 16:49:37] INFO - videoCheck.videomain2 - 근무유지시간 : 16.0초
[2021-01-14 16:49:38] INFO - videoCheck.videomain2 - 태만유지시간 : 14.0초(0:00:30~0:00:44)
[2021-01-14 16:49:40] INFO - videoCheck.videomain2 - 근무태만
[2021-01-14 16:49:40] INFO - videoCheck.videomain2 - 근무유지시간 : 12.0초
[2021-01-14 16:49:41] INFO - videoCheck.videomain2 - 태만유지시간 : 12.0초(0:00:56~0:01:07)
[2021-01-14 16:49:41] INFO - videoCheck.videomain2 - 프로그램 종료
[2021-01-14 16:49:41] INFO - videoCheck.videomain2 - 총근무시간 : 0:01:07 / 순수근무시간 : 0:00:41 / 총태만시간 : 0:00:26

[2021-01-14 16:56:02] INFO - videoCheck.videomain2 - <동영상으로 근무체크>
[2021-01-14 16:56:08] INFO - videoCheck.videomain2 - 프로그램 종료
[2021-01-14 16:56:08] INFO - videoCheck.videomain2 - 총근무시간 : 0:00:20 / 순수근무시간 : 0:00:20 / 총태만시간 : 0:00:00

[2021-01-14 16:56:50] INFO - videoCheck.videomain2 - <동영상으로 근무체크>
[2021-01-14 16:56:56] INFO - videoCheck.videomain2 - 프로그램 종료
[2021-01-14 16:56:56] INFO - videoCheck.videomain2 - 총근무시간 : 0:00:20 / 순수근무시간 : 0:00:20 / 총태만시간 : 0:00:00

[2021-01-14 16:58:06] INFO - videoCheck.videomain2 - <동영상으로 근무체크>
[2021-01-14 16:58:12] INFO - videoCheck.videomain2 - 프로그램 종료
[2021-01-14 16:58:12] INFO - videoCheck.videomain2 - 총근무시간 : 0:00:20 / 순수근무시간 : 0:00:20 / 총태만시간 : 0:00:00

[2021-01-14 16:59:40] INFO - videoCheck.videomain2 - <동영상으로 근무체크>
[2021-01-14 17:00:03] INFO - videoCheck.videomain2 - 태만유지시간 : 29.0초(0:00:00~0:00:28)
[2021-01-14 17:00:03] INFO - videoCheck.videomain2 - 프로그램 종료
[2021-01-14 17:00:03] INFO - videoCheck.videomain2 - 총근무시간 : 0:00:28 / 순수근무시간 : -1 day, 23:59:30 / 총태만시간 : 0:00:58

[2021-01-14 17:03:43] INFO - videoCheck.videomain2 - <동영상으로 근무체크>
[2021-01-14 17:04:47] INFO - videoCheck.videomain2 - <동영상으로 근무체크>
[2021-01-14 17:05:11] INFO - videoCheck.videomain2 - 태만유지시간 : 29.0초(0:00:00~0:00:28)
[2021-01-14 17:05:11] INFO - videoCheck.videomain2 - 프로그램 종료
[2021-01-14 17:05:11] INFO - videoCheck.videomain2 - 총근무시간 : 0:00:28 / 순수근무시간 : -1 day, 23:59:30 / 총태만시간 : 0:00:58

[2021-01-14 17:10:51] INFO - videoCheck.videomain2 - <동영상으로 근무체크>
[2021-01-14 17:11:15] INFO - videoCheck.videomain2 - 프로그램 종료
[2021-01-14 17:11:15] INFO - videoCheck.videomain2 - 총근무시간 : 0:00:28 / 순수근무시간 : 0:00:28 / 총태만시간 : 0:00:00

[2021-01-14 17:14:17] INFO - videoCheck.videomain2 - <동영상으로 근무체크>
[2021-01-14 17:14:40] INFO - videoCheck.videomain2 - 태만유지시간 : 58.0초(0:00:00~0:00:28)
[2021-01-14 17:14:40] INFO - videoCheck.videomain2 - 프로그램 종료
[2021-01-14 17:14:40] INFO - videoCheck.videomain2 - 총근무시간 : 0:00:28 / 순수근무시간 : -1 day, 23:59:30 / 총태만시간 : 0:00:58

[2021-01-14 17:18:21] INFO - videoCheck.videomain2 - <동영상으로 근무체크>
[2021-01-14 17:18:44] INFO - videoCheck.videomain2 - 프로그램 종료
[2021-01-14 17:18:44] INFO - videoCheck.videomain2 - 총근무시간 : 0:00:28 / 순수근무시간 : 0:00:00 / 총태만시간 : 0:00:28

[2021-01-14 17:19:11] INFO - videoCheck.videomain2 - 근무시작 : 0:00:14
[2021-01-14 17:19:15] INFO - videoCheck.videomain2 - 근무태만
[2021-01-14 17:19:15] INFO - videoCheck.videomain2 - 근무유지시간 : 16.0초
[2021-01-14 17:19:16] INFO - videoCheck.videomain2 - 태만유지시간 : 14.0초(0:00:30~0:00:44)
[2021-01-14 17:19:18] INFO - videoCheck.videomain2 - 근무태만
[2021-01-14 17:19:18] INFO - videoCheck.videomain2 - 근무유지시간 : 12.0초
[2021-01-14 17:19:18] INFO - videoCheck.videomain2 - 태만유지시간 : 12.0초(0:00:56~0:01:07)
[2021-01-14 17:19:18] INFO - videoCheck.videomain2 - 프로그램 종료
[2021-01-14 17:19:18] INFO - videoCheck.videomain2 - 총근무시간 : 0:01:07 / 순수근무시간 : 0:00:28 / 총태만시간 : 0:00:39

[2021-01-14 17:21:51] INFO - videoCheck.videomain2 - <동영상으로 근무체크>
[2021-01-14 17:28:48] INFO - videoCheck.videomain2 - 근무시작 : 0:00:00
[2021-01-14 17:30:00] INFO - videoCheck.videomain2 - 근무태만
[2021-01-14 17:30:00] INFO - videoCheck.videomain2 - 근무유지시간 : 236.0초
[2021-01-14 17:30:00] INFO - videoCheck.videomain2 - 태만유지시간 : 12.0초(0:03:56~0:04:08)
[2021-01-14 17:30:11] INFO - videoCheck.videomain2 - 근무태만
[2021-01-14 17:30:11] INFO - videoCheck.videomain2 - 근무유지시간 : 50.0초
[2021-01-14 17:30:14] INFO - videoCheck.videomain2 - 태만유지시간 : 34.0초(0:04:58~0:05:32)
[2021-01-14 17:30:16] INFO - videoCheck.videomain2 - 근무태만
[2021-01-14 17:30:16] INFO - videoCheck.videomain2 - 근무유지시간 : 4.0초
[2021-01-14 17:30:17] INFO - videoCheck.videomain2 - 태만유지시간 : 14.0초(0:05:36~0:05:50)
[2021-01-14 17:30:18] INFO - videoCheck.videomain2 - 근무태만
[2021-01-14 17:30:18] INFO - videoCheck.videomain2 - 근무유지시간 : 4.0초
[2021-01-14 17:30:21] INFO - videoCheck.videomain2 - 태만유지시간 : 30.0초(0:05:54~0:06:24)
[2021-01-14 17:31:19] INFO - videoCheck.videomain2 - 근무태만
[2021-01-14 17:31:19] INFO - videoCheck.videomain2 - 근무유지시간 : 196.0초
[2021-01-14 17:31:35] INFO - videoCheck.videomain2 - 태만유지시간 : 202.0초(0:09:40~0:13:02)
[2021-01-14 17:31:38] INFO - videoCheck.videomain2 - 근무태만
[2021-01-14 17:31:38] INFO - videoCheck.videomain2 - 근무유지시간 : 12.0초
[2021-01-14 17:31:39] INFO - videoCheck.videomain2 - 태만유지시간 : 24.0초(0:13:14~0:13:38)
[2021-01-14 17:32:07] INFO - videoCheck.videomain2 - 프로그램 종료
[2021-01-14 17:32:07] INFO - videoCheck.videomain2 - 총근무시간 : 0:15:21 / 순수근무시간 : 0:10:06 / 총태만시간 : 0:05:15

[2021-01-14 17:35:31] INFO - videoCheck.videomain2 - <동영상으로 근무체크>
[2021-01-14 17:35:54] INFO - videoCheck.videomain2 - 프로그램 종료
[2021-01-14 17:35:54] INFO - videoCheck.videomain2 - 총근무시간 : 0:00:28 / 순수근무시간 : 0:00:00 / 총태만시간 : 0:00:28

[2021-01-14 17:53:10] INFO - videoCheck.videomain2 - <동영상으로 근무체크>
[2021-01-14 17:53:34] INFO - videoCheck.videomain2 - 프로그램 종료
[2021-01-14 17:53:34] INFO - videoCheck.videomain2 - 총근무시간 : 0:00:28 / 순수근무시간 : 0:00:00 / 총태만시간 : 0:00:28

[2021-01-14 18:49:48] INFO - videoCheck.videomain2 - <동영상으로 근무체크>
[2021-01-14 18:49:52] INFO - videoCheck.videomain2 - 근무시작 : 0:00:00
[2021-01-14 18:49:53] INFO - videoCheck.videomain2 - 근무태만
[2021-01-14 18:49:53] INFO - videoCheck.videomain2 - 근무유지시간 : 2.0초
[2021-01-14 18:49:53] INFO - videoCheck.videomain2 - 태만유지시간 : 16.0초(0:00:02~0:00:18)
[2021-01-14 18:49:54] INFO - videoCheck.videomain2 - 프로그램 종료
[2021-01-14 18:49:54] INFO - videoCheck.videomain2 - 총근무시간 : 0:00:20 / 순수근무시간 : 0:00:05 / 총태만시간 : 0:00:15

[2021-01-14 18:50:34] INFO - videoCheck.videomain2 - 프로그램 종료
[2021-01-14 18:50:34] INFO - videoCheck.videomain2 - 총근무시간 : 0:00:28 / 순수근무시간 : 0:00:00 / 총태만시간 : 0:00:28

[2021-01-14 18:53:18] INFO - videoCheck.videomain2 - <동영상으로 근무체크>
[2021-01-14 22:39:37] INFO - videoCheck.videomain2 - <동영상으로 근무체크>
[2021-01-14 22:39:54] INFO - videoCheck.videomain2 - 근무시작 : 0:00:02
[2021-01-14 22:39:56] INFO - videoCheck.videomain2 - 근무태만
[2021-01-14 22:39:56] INFO - videoCheck.videomain2 - 근무유지시간 : 14.0초
[2021-01-14 22:39:57] INFO - videoCheck.videomain2 - 태만유지시간 : 62.1초(0:00:16~0:01:18)
[2021-01-14 22:39:59] INFO - videoCheck.videomain2 - 근무태만
[2021-01-14 22:39:59] INFO - videoCheck.videomain2 - 근무유지시간 : 4.0초
[2021-01-14 22:39:59] INFO - videoCheck.videomain2 - 태만유지시간 : 30.0초(0:01:22~0:01:52)
[2021-01-14 22:40:00] INFO - videoCheck.videomain2 - 근무태만
[2021-01-14 22:40:00] INFO - videoCheck.videomain2 - 근무유지시간 : 2.0초
[2021-01-14 22:40:01] INFO - videoCheck.videomain2 - 태만유지시간 : 46.0초(0:01:54~0:02:40)
[2021-01-14 22:40:01] INFO - videoCheck.videomain2 - 근무태만
[2021-01-14 22:40:01] INFO - videoCheck.videomain2 - 근무유지시간 : 4.0초
[2021-01-14 22:40:05] INFO - videoCheck.videomain2 - 태만유지시간 : 216.2초(0:02:44~0:06:20)
[2021-01-14 22:40:07] INFO - videoCheck.videomain2 - 근무태만
[2021-01-14 22:40:07] INFO - videoCheck.videomain2 - 근무유지시간 : 10.0초
[2021-01-14 22:40:09] INFO - videoCheck.videomain2 - 태만유지시간 : 98.1초(0:06:30~0:08:08)
[2021-01-14 22:40:30] INFO - videoCheck.videomain2 - 근무태만
[2021-01-14 22:40:30] INFO - videoCheck.videomain2 - 근무유지시간 : 96.1초
[2021-01-14 22:40:31] INFO - videoCheck.videomain2 - 태만유지시간 : 58.1초(0:09:44~0:10:42)
[2021-01-14 22:40:32] INFO - videoCheck.videomain2 - 근무태만
[2021-01-14 22:40:32] INFO - videoCheck.videomain2 - 근무유지시간 : 8.0초
[2021-01-14 22:40:32] INFO - videoCheck.videomain2 - 태만유지시간 : 18.0초(0:10:50~0:11:07)
[2021-01-14 22:40:32] INFO - videoCheck.videomain2 - 프로그램 종료
[2021-01-14 22:40:32] INFO - videoCheck.videomain2 - 총근무시간 : 0:11:08 / 순수근무시간 : 0:02:18 / 총태만시간 : 0:08:50

